<?xml version="1.0" encoding="UTF-8"?>
<testng-results ignored="0" total="1" passed="1" failed="0" skipped="0">
  <reporter-output>
  </reporter-output>
  <suite started-at="2020-05-19T17:41:45 EDT" name="Default suite" finished-at="2020-05-19T17:41:45 EDT" duration-ms="83">
    <groups>
    </groups>
    <test started-at="2020-05-19T17:41:45 EDT" name="Default test" finished-at="2020-05-19T17:41:45 EDT" duration-ms="83">
      <class name="com.practice.TaskLogoValidationPOM">
        <test-method signature="hello()[pri:0, instance:com.practice.TaskLogoValidationPOM@60704c]" started-at="2020-05-19T17:41:45 EDT" name="hello" finished-at="2020-05-19T17:41:45 EDT" duration-ms="12" status="PASS">
          <reporter-output>
          </reporter-output>
        </test-method> <!-- hello -->
      </class> <!-- com.practice.TaskLogoValidationPOM -->
    </test> <!-- Default test -->
  </suite> <!-- Default suite -->
</testng-results>
